<?xml version="1.0" encoding="UTF-8"?>
<!-- Generated by org.testng.reporters.JUnitReportReporter -->
<testsuite hostname="PavilionLYX-PC" name="com.rcstest.testcase.TestAllTestcases" tests="1" failures="0" timestamp="20 May 2016 03:59:26 GMT" time="14.150" errors="0">
  <testcase name="testChatsActivity" time="14.150" classname="com.rcstest.testcase.TestAllTestcases"/>
</testsuite> <!-- com.rcstest.testcase.TestAllTestcases -->
